nohup: ignoring input
Checking database connection...
Database connected successfully

========================================
Hospital Management System - FIXED
========================================
Server running on port 5700
All features now working with UUID compatibility

Login: admin@hospital.com / admin123
========================================

Error creating invoice: error: column "total" of relation "invoices" does not exist
    at /root/hospital-management-system/node_modules/pg-pool/index.js:45:11
    at process.processTicksAndRejections (node:internal/process/task_queues:95:5)
    at async /root/hospital-management-system/hms-backend-final-fixed.js:205:24 {
  length: 126,
  severity: 'ERROR',
  code: '42703',
  detail: undefined,
  hint: undefined,
  position: '98',
  internalPosition: undefined,
  internalQuery: undefined,
  where: undefined,
  schema: undefined,
  table: undefined,
  column: undefined,
  dataType: undefined,
  constraint: undefined,
  file: 'parse_target.c',
  line: '1065',
  routine: 'checkInsertTargets'
}
Error creating prescription: error: invalid input syntax for type uuid: "1"
    at /root/hospital-management-system/node_modules/pg-pool/index.js:45:11
    at process.processTicksAndRejections (node:internal/process/task_queues:95:5)
    at async /root/hospital-management-system/hms-backend-final-fixed.js:570:24 {
  length: 133,
  severity: 'ERROR',
  code: '22P02',
  detail: undefined,
  hint: undefined,
  position: undefined,
  internalPosition: undefined,
  internalQuery: undefined,
  where: "unnamed portal parameter $2 = '...'",
  schema: undefined,
  table: undefined,
  column: undefined,
  dataType: undefined,
  constraint: undefined,
  file: 'uuid.c',
  line: '138',
  routine: 'string_to_uuid'
}
Error creating prescription: error: invalid input syntax for type uuid: "1"
    at /root/hospital-management-system/node_modules/pg-pool/index.js:45:11
    at process.processTicksAndRejections (node:internal/process/task_queues:95:5)
    at async /root/hospital-management-system/hms-backend-final-fixed.js:570:24 {
  length: 133,
  severity: 'ERROR',
  code: '22P02',
  detail: undefined,
  hint: undefined,
  position: undefined,
  internalPosition: undefined,
  internalQuery: undefined,
  where: "unnamed portal parameter $2 = '...'",
  schema: undefined,
  table: undefined,
  column: undefined,
  dataType: undefined,
  constraint: undefined,
  file: 'uuid.c',
  line: '138',
  routine: 'string_to_uuid'
}
