Hospital Management System Backend running on port 5700
WebSocket server ready for connections
Patient registration error: error: column "name" of relation "patients" does not exist
    at /root/hospital-management-system/node_modules/pg-pool/index.js:45:11
    at process.processTicksAndRejections (node:internal/process/task_queues:95:5)
    at async /root/hospital-management-system/comprehensive-backend.js:849:24 {
  length: 125,
  severity: 'ERROR',
  code: '42703',
  detail: undefined,
  hint: undefined,
  position: '23',
  internalPosition: undefined,
  internalQuery: undefined,
  where: undefined,
  schema: undefined,
  table: undefined,
  column: undefined,
  dataType: undefined,
  constraint: undefined,
  file: 'parse_target.c',
  line: '1065',
  routine: 'checkInsertTargets'
}
Inventory add error: error: column "name" of relation "inventory" does not exist
    at /root/hospital-management-system/node_modules/pg-pool/index.js:45:11
    at process.processTicksAndRejections (node:internal/process/task_queues:95:5)
    at async /root/hospital-management-system/comprehensive-backend.js:342:24 {
  length: 126,
  severity: 'ERROR',
  code: '42703',
  detail: undefined,
  hint: undefined,
  position: '24',
  internalPosition: undefined,
  internalQuery: undefined,
  where: undefined,
  schema: undefined,
  table: undefined,
  column: undefined,
  dataType: undefined,
  constraint: undefined,
  file: 'parse_target.c',
  line: '1065',
  routine: 'checkInsertTargets'
}
Available beds error: error: operator does not exist: uuid = integer
    at /root/hospital-management-system/node_modules/pg-pool/index.js:45:11
    at process.processTicksAndRejections (node:internal/process/task_queues:95:5)
    at async /root/hospital-management-system/comprehensive-backend.js:642:24 {
  length: 200,
  severity: 'ERROR',
  code: '42883',
  detail: undefined,
  hint: 'No operator matches the given name and argument types. You might need to add explicit type casts.',
  position: '113',
  internalPosition: undefined,
  internalQuery: undefined,
  where: undefined,
  schema: undefined,
  table: undefined,
  column: undefined,
  dataType: undefined,
  constraint: undefined,
  file: 'parse_oper.c',
  line: '635',
  routine: 'op_error'
}
SIGTERM received, closing server...
