CRM Backend running on port 5702
WebSocket server ready for connections
Scheduled tasks initialized
Error processing payout: error: column "payout_date" of relation "owner_payouts" does not exist
    at /root/hospital-management-system/node_modules/pg-pool/index.js:45:11
    at process.processTicksAndRejections (node:internal/process/task_queues:95:5)
    at async /root/hospital-management-system/crm-backend.js:239:24 {
  length: 137,
  severity: 'ERROR',
  code: '42703',
  detail: undefined,
  hint: undefined,
  position: '51',
  internalPosition: undefined,
  internalQuery: undefined,
  where: undefined,
  schema: undefined,
  table: undefined,
  column: undefined,
  dataType: undefined,
  constraint: undefined,
  file: 'parse_target.c',
  line: '1065',
  routine: 'checkInsertTargets'
}
Error fetching payouts: error: operator does not exist: text = uuid
    at /root/hospital-management-system/node_modules/pg-pool/index.js:45:11
    at process.processTicksAndRejections (node:internal/process/task_queues:95:5)
    at async /root/hospital-management-system/crm-backend.js:217:25 {
  length: 197,
  severity: 'ERROR',
  code: '42883',
  detail: undefined,
  hint: 'No operator matches the given name and argument types. You might need to add explicit type casts.',
  position: '124',
  internalPosition: undefined,
  internalQuery: undefined,
  where: undefined,
  schema: undefined,
  table: undefined,
  column: undefined,
  dataType: undefined,
  constraint: undefined,
  file: 'parse_oper.c',
  line: '635',
  routine: 'op_error'
}
Sending email to owner1759526705535@hospital.com: System Update
Email error: Error: Invalid login: 535-5.7.8 Username and Password not accepted. For more information, go to
535 5.7.8  https://support.google.com/mail/?p=BadCredentials 8926c6da1cb9f-57b5e9e8efcsm2320381173.2 - gsmtp
    at SMTPConnection._formatError (/root/hospital-management-system/node_modules/nodemailer/lib/smtp-connection/index.js:809:19)
    at SMTPConnection._actionAUTHComplete (/root/hospital-management-system/node_modules/nodemailer/lib/smtp-connection/index.js:1588:34)
    at SMTPConnection.<anonymous> (/root/hospital-management-system/node_modules/nodemailer/lib/smtp-connection/index.js:556:26)
    at SMTPConnection._processResponse (/root/hospital-management-system/node_modules/nodemailer/lib/smtp-connection/index.js:993:20)
    at SMTPConnection._onData (/root/hospital-management-system/node_modules/nodemailer/lib/smtp-connection/index.js:774:14)
    at SMTPConnection._onSocketData (/root/hospital-management-system/node_modules/nodemailer/lib/smtp-connection/index.js:195:44)
    at TLSSocket.emit (node:events:524:28)
    at addChunk (node:internal/streams/readable:561:12)
    at readableAddChunkPushByteMode (node:internal/streams/readable:512:3)
    at Readable.push (node:internal/streams/readable:392:5) {
  code: 'EAUTH',
  response: '535-5.7.8 Username and Password not accepted. For more information, go to\n' +
    '535 5.7.8  https://support.google.com/mail/?p=BadCredentials 8926c6da1cb9f-57b5e9e8efcsm2320381173.2 - gsmtp',
  responseCode: 535,
  command: 'AUTH PLAIN'
}
Error sending communication: error: null value in column "direction" of relation "owner_communications" violates not-null constraint
    at /root/hospital-management-system/node_modules/pg-pool/index.js:45:11
    at process.processTicksAndRejections (node:internal/process/task_queues:95:5)
    at async /root/hospital-management-system/crm-backend.js:312:24 {
  length: 470,
  severity: 'ERROR',
  code: '23502',
  detail: 'Failing row contains (2, 887e210f-c6c2-4b15-b46d-24b96f5fa2e2, null, announcement, null, System Update, Your hospital management system has been updated, sent, null, 2025-10-03 21:25:06.360373, null, null, null, 2025-10-03 21:25:06.360373, 2025-10-03 21:25:06.360373).',
  hint: undefined,
  position: undefined,
  internalPosition: undefined,
  internalQuery: undefined,
  where: undefined,
  schema: 'public',
  table: 'owner_communications',
  column: 'direction',
  dataType: undefined,
  constraint: undefined,
  file: 'execMain.c',
  line: '1997',
  routine: 'ExecConstraints'
}
Error submitting satisfaction: error: column "service_rating" of relation "owner_satisfaction" does not exist
    at /root/hospital-management-system/node_modules/pg-pool/index.js:45:11
    at process.processTicksAndRejections (node:internal/process/task_queues:95:5)
    at async /root/hospital-management-system/crm-backend.js:368:24 {
  length: 145,
  severity: 'ERROR',
  code: '42703',
  detail: undefined,
  hint: undefined,
  position: '86',
  internalPosition: undefined,
  internalQuery: undefined,
  where: undefined,
  schema: undefined,
  table: undefined,
  column: undefined,
  dataType: undefined,
  constraint: undefined,
  file: 'parse_target.c',
  line: '1065',
  routine: 'checkInsertTargets'
}
Error fetching satisfaction: error: column "service_rating" does not exist
    at /root/hospital-management-system/node_modules/pg-pool/index.js:45:11
    at process.processTicksAndRejections (node:internal/process/task_queues:95:5)
    at async /root/hospital-management-system/crm-backend.js:339:33 {
  length: 114,
  severity: 'ERROR',
  code: '42703',
  detail: undefined,
  hint: undefined,
  position: '81',
  internalPosition: undefined,
  internalQuery: undefined,
  where: undefined,
  schema: undefined,
  table: undefined,
  column: undefined,
  dataType: undefined,
  constraint: undefined,
  file: 'parse_relation.c',
  line: '3716',
  routine: 'errorMissingColumn'
}
Error creating patient: error: column "first_name" of relation "patient_profiles" does not exist
    at /root/hospital-management-system/node_modules/pg-pool/index.js:45:11
    at process.processTicksAndRejections (node:internal/process/task_queues:95:5)
    at async /root/hospital-management-system/crm-backend.js:431:24 {
  length: 139,
  severity: 'ERROR',
  code: '42703',
  detail: undefined,
  hint: undefined,
  position: '31',
  internalPosition: undefined,
  internalQuery: undefined,
  where: undefined,
  schema: undefined,
  table: undefined,
  column: undefined,
  dataType: undefined,
  constraint: undefined,
  file: 'parse_target.c',
  line: '1065',
  routine: 'checkInsertTargets'
}
Error creating campaign: error: column "channel" of relation "communication_campaigns" does not exist
    at /root/hospital-management-system/node_modules/pg-pool/index.js:45:11
    at process.processTicksAndRejections (node:internal/process/task_queues:95:5)
    at async /root/hospital-management-system/crm-backend.js:737:24 {
  length: 144,
  severity: 'ERROR',
  code: '42703',
  detail: undefined,
  hint: undefined,
  position: '116',
  internalPosition: undefined,
  internalQuery: undefined,
  where: undefined,
  schema: undefined,
  table: undefined,
  column: undefined,
  dataType: undefined,
  constraint: undefined,
  file: 'parse_target.c',
  line: '1065',
  routine: 'checkInsertTargets'
}
Error creating patient: error: column "first_name" of relation "patient_profiles" does not exist
    at /root/hospital-management-system/node_modules/pg-pool/index.js:45:11
    at process.processTicksAndRejections (node:internal/process/task_queues:95:5)
    at async /root/hospital-management-system/crm-backend.js:431:24 {
  length: 139,
  severity: 'ERROR',
  code: '42703',
  detail: undefined,
  hint: undefined,
  position: '31',
  internalPosition: undefined,
  internalQuery: undefined,
  where: undefined,
  schema: undefined,
  table: undefined,
  column: undefined,
  dataType: undefined,
  constraint: undefined,
  file: 'parse_target.c',
  line: '1065',
  routine: 'checkInsertTargets'
}
Error submitting satisfaction: error: column "service_rating" of relation "owner_satisfaction" does not exist
    at /root/hospital-management-system/node_modules/pg-pool/index.js:45:11
    at process.processTicksAndRejections (node:internal/process/task_queues:95:5)
    at async /root/hospital-management-system/crm-backend.js:368:24 {
  length: 145,
  severity: 'ERROR',
  code: '42703',
  detail: undefined,
  hint: undefined,
  position: '86',
  internalPosition: undefined,
  internalQuery: undefined,
  where: undefined,
  schema: undefined,
  table: undefined,
  column: undefined,
  dataType: undefined,
  constraint: undefined,
  file: 'parse_target.c',
  line: '1065',
  routine: 'checkInsertTargets'
}
Error fetching patients: error: column "first_name" does not exist
    at /root/hospital-management-system/node_modules/pg-pool/index.js:45:11
    at process.processTicksAndRejections (node:internal/process/task_queues:95:5)
    at async /root/hospital-management-system/crm-backend.js:416:24 {
  length: 110,
  severity: 'ERROR',
  code: '42703',
  detail: undefined,
  hint: undefined,
  position: '47',
  internalPosition: undefined,
  internalQuery: undefined,
  where: undefined,
  schema: undefined,
  table: undefined,
  column: undefined,
  dataType: undefined,
  constraint: undefined,
  file: 'parse_relation.c',
  line: '3716',
  routine: 'errorMissingColumn'
}
Error creating campaign: error: column "channel" of relation "communication_campaigns" does not exist
    at /root/hospital-management-system/node_modules/pg-pool/index.js:45:11
    at process.processTicksAndRejections (node:internal/process/task_queues:95:5)
    at async /root/hospital-management-system/crm-backend.js:737:24 {
  length: 144,
  severity: 'ERROR',
  code: '42703',
  detail: undefined,
  hint: undefined,
  position: '116',
  internalPosition: undefined,
  internalQuery: undefined,
  where: undefined,
  schema: undefined,
  table: undefined,
  column: undefined,
  dataType: undefined,
  constraint: undefined,
  file: 'parse_target.c',
  line: '1065',
  routine: 'checkInsertTargets'
}
